d:\acpp\httpsever-version1_3\httpsever-version1_3\debug\vc142.pdb
d:\acpp\httpsever-version1_3\httpsever-version1_3\debug\vc142.idb
d:\acpp\httpsever-version1_3\httpsever-version1_3\debug\severthreadpool.obj
d:\acpp\httpsever-version1_3\httpsever-version1_3\debug\seversocketopen.obj
d:\acpp\httpsever-version1_3\httpsever-version1_3\debug\seversockethandle.obj
d:\acpp\httpsever-version1_3\httpsever-version1_3\debug\severrequest.obj
d:\acpp\httpsever-version1_3\httpsever-version1_3\debug\severfilerecv.obj
d:\acpp\httpsever-version1_3\httpsever-version1_3\debug\severfile.obj
d:\acpp\httpsever-version1_3\httpsever-version1_3\debug\severconfig.obj
d:\acpp\httpsever-version1_3\httpsever-version1_3\debug\response_factory.obj
d:\acpp\httpsever-version1_3\httpsever-version1_3\debug\response.obj
d:\acpp\httpsever-version1_3\httpsever-version1_3\debug\post_severresponse.obj
d:\acpp\httpsever-version1_3\httpsever-version1_3\debug\main.obj
d:\acpp\httpsever-version1_3\httpsever-version1_3\debug\get_severresponse.obj
d:\acpp\severtopicture1_2\debug\severtopicture1_2.exe
d:\acpp\severtopicture1_2\debug\severtopicture1_2.ilk
d:\acpp\severtopicture1_2\debug\severtopicture1_2.pdb
d:\acpp\httpsever-version1_3\httpsever-version1_3\debug\severtopicture1_2.exe
d:\acpp\httpsever-version1_3\httpsever-version1_3\debug\severtopicture1_2.ilk
d:\acpp\httpsever-version1_3\httpsever-version1_3\debug\severtopicture1_2.pdb
d:\acpp\httpsever-version1_3\httpsever-version1_3\debug\severtop.1e4e114a.tlog\cl.command.1.tlog
d:\acpp\httpsever-version1_3\httpsever-version1_3\debug\severtop.1e4e114a.tlog\cl.read.1.tlog
d:\acpp\httpsever-version1_3\httpsever-version1_3\debug\severtop.1e4e114a.tlog\cl.write.1.tlog
d:\acpp\httpsever-version1_3\httpsever-version1_3\debug\severtop.1e4e114a.tlog\link.command.1.tlog
d:\acpp\httpsever-version1_3\httpsever-version1_3\debug\severtop.1e4e114a.tlog\link.read.1.tlog
d:\acpp\httpsever-version1_3\httpsever-version1_3\debug\severtop.1e4e114a.tlog\link.write.1.tlog
