  Get_SeverResponse.cpp
D:\acpp\httpsever-version1_3\httpsever-version1_3\Get_SeverResponse.cpp(45,87): warning C4267: “参数”: 从“size_t”转换到“int”，可能丢失数据
D:\acpp\httpsever-version1_3\httpsever-version1_3\Get_SeverResponse.cpp(88,31): warning C4267: “return”: 从“size_t”转换到“int”，可能丢失数据
  Main.cpp
  Post_SeverResponse.cpp
D:\acpp\httpsever-version1_3\httpsever-version1_3\Post_SeverResponse.cpp(18,13): warning C4129: “*”: 不可识别的字符转义序列
D:\acpp\httpsever-version1_3\httpsever-version1_3\Post_SeverResponse.cpp(31,25): warning C4244: “=”: 从“__int64”转换到“unsigned int”，可能丢失数据
D:\acpp\httpsever-version1_3\httpsever-version1_3\Post_SeverResponse.cpp(35,37): warning C4267: “初始化”: 从“size_t”转换到“int”，可能丢失数据
D:\acpp\httpsever-version1_3\httpsever-version1_3\Post_SeverResponse.cpp(46,42): warning C4267: “初始化”: 从“size_t”转换到“int”，可能丢失数据
D:\acpp\httpsever-version1_3\httpsever-version1_3\Post_SeverResponse.cpp(66,46): warning C4267: “初始化”: 从“size_t”转换到“int”，可能丢失数据
D:\acpp\httpsever-version1_3\httpsever-version1_3\Post_SeverResponse.cpp(67,55): warning C4267: “初始化”: 从“size_t”转换到“int”，可能丢失数据
  Response.cpp
  Response_Factory.cpp
  SeverConfig.cpp
D:\acpp\httpsever-version1_3\httpsever-version1_3\SeverConfig.cpp(21,17): warning C4305: “return”: 从“int”到“bool”截断
D:\acpp\httpsever-version1_3\httpsever-version1_3\SeverConfig.cpp(29,37): warning C4267: “初始化”: 从“size_t”转换到“int”，可能丢失数据
  SeverFile.cpp
D:\acpp\httpsever-version1_3\httpsever-version1_3\SeverFile.cpp(27,18): warning C4244: “=”: 从“std::streamoff”转换到“int”，可能丢失数据
  SeverFileRecv.cpp
D:\acpp\httpsever-version1_3\httpsever-version1_3\SeverFileRecv.cpp(22,21): warning C4244: “return”: 从“std::streamsize”转换到“int”，可能丢失数据
D:\acpp\httpsever-version1_3\httpsever-version1_3\SeverFileRecv.cpp(27,20): warning C4244: “return”: 从“std::streamsize”转换到“int”，可能丢失数据
  SeverRequest.cpp
D:\acpp\httpsever-version1_3\httpsever-version1_3\SeverRequest.cpp(178,30): warning C4267: “=”: 从“size_t”转换到“int”，可能丢失数据
D:\acpp\httpsever-version1_3\httpsever-version1_3\SeverRequest.cpp(199,31): warning C4267: “=”: 从“size_t”转换到“int”，可能丢失数据
  SeverSocketHandle.cpp
  SeverSocketOpen.cpp
  SeverThreadPool.cpp
D:\acpp\httpsever-version1_3\httpsever-version1_3\SeverThreadPool.cpp(9,41): warning C4267: “参数”: 从“size_t”转换到“const _Ty”，可能丢失数据
          with
          [
              _Ty=int
          ]
D:\acpp\httpsever-version1_3\httpsever-version1_3\SeverThreadPool.cpp(42,32): warning C4267: “return”: 从“size_t”转换到“int”，可能丢失数据
  正在生成代码...
D:\acpp\httpsever-version1_3\httpsever-version1_3\SeverConfig.cpp(34): warning C4715: “config::load”: 不是所有的控件路径都返回值
D:\acpp\httpsever-version1_3\httpsever-version1_3\Response_Factory.cpp(13): warning C4715: “Response_Factory::CreatResponse”: 不是所有的控件路径都返回值
  SeverToPicture1_2.vcxproj -> D:\acpp\httpsever-version1_3\httpsever-version1_3\x64\Debug\SeverToPicture1_2.exe
